# JRE version: Java(TM) SE Runtime Environment (7.0_45-b18) (build 1.7.0_45-b18)
# Java VM: Java HotSpot(TM) Client VM (24.45-b08 mixed mode windows-x86 )
Heap
 def new generation   total 4928K, used 4440K [0x033f0000, 0x03940000, 0x08940000)
  eden space 4416K,  98% used [0x033f0000, 0x03833a78, 0x03840000)
  from space 512K,  14% used [0x03840000, 0x03852830, 0x038c0000)
  to   space 512K,   0% used [0x038c0000, 0x038c0000, 0x03940000)
 tenured generation   total 10944K, used 491K [0x08940000, 0x093f0000, 0x133f0000)
   the space 10944K,   4% used [0x08940000, 0x089bac38, 0x089bae00, 0x093f0000)
 compacting perm gen  total 12288K, used 2812K [0x133f0000, 0x13ff0000, 0x173f0000)
   the space 12288K,  22% used [0x133f0000, 0x136af158, 0x136af200, 0x13ff0000)
GC Heap History (4 events):
Event: 1089.212 GC heap before
{Heap before GC invocations=0 (full 0):
 def new generation   total 4928K, used 4416K [0x033f0000, 0x03940000, 0x08940000)
  eden space 4416K, 100% used [0x033f0000, 0x03840000, 0x03840000)
  from space 512K,   0% used [0x03840000, 0x03840000, 0x038c0000)
  to   space 512K,   0% used [0x038c0000, 0x038c0000, 0x03940000)
 tenured generation   total 10944K, used 0K [0x08940000, 0x093f0000, 0x133f0000)
   the space 10944K,   0% used [0x08940000, 0x08940000, 0x08940200, 0x093f0000)
 compacting perm gen  total 12288K, used 2778K [0x133f0000, 0x13ff0000, 0x173f0000)
   the space 12288K,  22% used [0x133f0000, 0x136a6a20, 0x136a6c00, 0x13ff0000)
No shared spaces configured.
Event: 1089.219 GC heap after
Heap after GC invocations=1 (full 0):
 def new generation   total 4928K, used 512K [0x033f0000, 0x03940000, 0x08940000)
  eden space 4416K,   0% used [0x033f0000, 0x033f0000, 0x03840000)
  from space 512K, 100% used [0x038c0000, 0x03940000, 0x03940000)
  to   space 512K,   0% used [0x03840000, 0x03840000, 0x038c0000)
 tenured generation   total 10944K, used 17K [0x08940000, 0x093f0000, 0x133f0000)
   the space 10944K,   0% used [0x08940000, 0x08944420, 0x08944600, 0x093f0000)
 compacting perm gen  total 12288K, used 2778K [0x133f0000, 0x13ff0000, 0x173f0000)
   the space 12288K,  22% used [0x133f0000, 0x136a6a20, 0x136a6c00, 0x13ff0000)
No shared spaces configured.
}
Event: 2135.175 GC heap before
{Heap before GC invocations=1 (full 0):
 def new generation   total 4928K, used 4928K [0x033f0000, 0x03940000, 0x08940000)
  eden space 4416K, 100% used [0x033f0000, 0x03840000, 0x03840000)
  from space 512K, 100% used [0x038c0000, 0x03940000, 0x03940000)
  to   space 512K,   0% used [0x03840000, 0x03840000, 0x038c0000)
 tenured generation   total 10944K, used 17K [0x08940000, 0x093f0000, 0x133f0000)
   the space 10944K,   0% used [0x08940000, 0x08944420, 0x08944600, 0x093f0000)
 compacting perm gen  total 12288K, used 2812K [0x133f0000, 0x13ff0000, 0x173f0000)
   the space 12288K,  22% used [0x133f0000, 0x136af158, 0x136af200, 0x13ff0000)
No shared spaces configured.
Event: 2135.182 GC heap after
Heap after GC invocations=2 (full 0):
 def new generation   total 4928K, used 74K [0x033f0000, 0x03940000, 0x08940000)
  eden space 4416K,   0% used [0x033f0000, 0x033f0000, 0x03840000)
  from space 512K,  14% used [0x03840000, 0x03852830, 0x038c0000)
  to   space 512K,   0% used [0x038c0000, 0x038c0000, 0x03940000)
 tenured generation   total 10944K, used 491K [0x08940000, 0x093f0000, 0x133f0000)
   the space 10944K,   4% used [0x08940000, 0x089bac38, 0x089bae00, 0x093f0000)
 compacting perm gen  total 12288K, used 2812K [0x133f0000, 0x13ff0000, 0x173f0000)
   the space 12288K,  22% used [0x133f0000, 0x136af158, 0x136af200, 0x13ff0000)
No shared spaces configured.
}

